<?xml version="1.0" encoding="UTF-8"?>
<!-- Generated by org.testng.reporters.JUnitReportReporter -->
<testsuite hostname="DESKTOP-2LKVJ10" failures="0" tests="2" name="project.day1" time="0.015" errors="0" timestamp="2022-06-08T12:34:25 EDT" skipped="0">
  <testcase classname="project.day1" name="Demo" time="0.011"/>
  <system-out/>
  <testcase classname="project.day1" name="Demo1" time="0.004"/>
  <system-out/>
</testsuite> <!-- project.day1 -->
